STAT: jconf successfully finalized
STAT: *** loading AM00 _default
Stat: init_phmm: Reading in HMM definition
Stat: read_binhmm: binary format HMM definition
Stat: read_binhmm: this HMM does not need multipath handling
Stat: init_phmm: defined HMMs:    43
Stat: init_phmm: logical names:    43
Stat: init_phmm: base phones:    43 used in logical
Stat: init_phmm: finished reading HMM definitions
STAT: *** AM00 _default loaded
STAT: *** loading LM00 _default
STAT: reading [wav//sample.dfa] and [wav//sample.dict]...
Error: voca_load_htkdict: line 2: phone "a。" not found
Error: voca_load_htkdict: the line content was: 1 [w_1] ky o: w a i i t e N k i d a。
Error: voca_load_htkdict: begin missing phones
Error: voca_load_htkdict: a。
Error: voca_load_htkdict: end missing phones
Error: init_voca: error in reading wav//sample.dict: 1 words failed out of 2 words
ERROR: failed to read dictionary "wav//sample.dict"
ERROR: m_fusion: some error occured in reading grammars
